#
# A fatal error has been detected by the Java Runtime Environment:
#
#  EXCEPTION_ACCESS_VIOLATION (0xc0000005) at pc=0x0000000055aba0a5, pid=6596, tid=0x00000000000026a8
#
# JRE version: Java(TM) SE Runtime Environment (8.0_101-b13) (build 1.8.0_101-b13)
# Java VM: Java HotSpot(TM) 64-Bit Server VM (25.101-b13 mixed mode windows-amd64 compressed oops)
# Problematic frame:
# V  [jvm.dll+0x12a0a5]
#
# Failed to write core dump. Minidumps are not enabled by default on client versions of Windows
#
# If you would like to submit a bug report, please visit:
#   http://bugreport.java.com/bugreport/crash.jsp
#

---------------  T H R E A D  ---------------

Current thread (0x00000000176ac800):  JavaThread "JDWP Transport Listener: dt_socket" daemon [_thread_in_vm, id=9896, stack(0x0000000019130000,0x0000000019230000)]

siginfo: ExceptionCode=0xc0000005, reading address 0xffffffffffffffff

Registers:
RAX=0x000000001922f001, RBX=0x00000000176ac800, RCX=0x24636e7953246b63, RDX=0x0000000000000000
RSP=0x000000001922f080, RBP=0x24636e7953246b63, RSI=0x000000001922f198, RDI=0x0000000004c885d0
R8 =0x00000000176ac800, R9 =0x0000000000008000, R10=0x000000001c48db60, R11=0x000000001bf60d58
R12=0x0000000000000000, R13=0x00000000176b6ee8, R14=0x0000000000000000, R15=0x0000000000000000
RIP=0x0000000055aba0a5, EFLAGS=0x0000000000010206

Top of Stack: (sp=0x000000001922f080)
0x000000001922f080:   00000000176ac800 00000000176ac800
0x000000001922f090:   000000001922f148 0000000055cc2f0b
0x000000001922f0a0:   00000000176ac800 0000000055cdf76d
0x000000001922f0b0:   000000000000002a 0000000055929155
0x000000001922f0c0:   000000001bf62368 000000005593291e
0x000000001922f0d0:   00000000176ac800 0000000000000000
0x000000001922f0e0:   0000000000000000 0000000000000000
0x000000001922f0f0:   24636e7953246b63 0000000055931a15
0x000000001922f100:   000000001922f198 000000001922f170
0x000000001922f110:   0000000000000001 000000001bf62368
0x000000001922f120:   24636e7953246b63 00000000559153b3
0x000000001922f130:   000000001922f260 0000000000000001
0x000000001922f140:   0000000000000001 000000001bf62368
0x000000001922f150:   0000000000000001 0000000000000000
0x000000001922f160:   0000000000000000 0000000000000000
0x000000001922f170:   0000000000000001 0000000055915571 

Instructions: (pc=0x0000000055aba0a5)
0x0000000055aba085:   cc cc cc cc cc cc cc cc cc cc cc 48 83 ec 28 48
0x0000000055aba095:   85 c9 75 07 33 c0 48 83 c4 28 c3 48 89 5c 24 20
0x0000000055aba0a5:   48 8b 19 48 85 db 74 20 48 83 fb 37 74 1a 48 8b
0x0000000055aba0b5:   13 48 8b cb ff 52 10 84 c0 74 0d 48 8b c3 48 8b 


Register to memory mapping:

RAX=0x000000001922f001 is pointing into the stack for thread: 0x00000000176ac800
RBX=0x00000000176ac800 is a thread
RCX=0x24636e7953246b63 is an unknown value
RDX=0x0000000000000000 is an unknown value
RSP=0x000000001922f080 is pointing into the stack for thread: 0x00000000176ac800
RBP=0x24636e7953246b63 is an unknown value
RSI=0x000000001922f198 is pointing into the stack for thread: 0x00000000176ac800
RDI=0x0000000004c885d0 is an unknown value
R8 =0x00000000176ac800 is a thread
R9 =0x0000000000008000 is an unknown value
R10=0x000000001c48db60 is an unknown value
R11=0x000000001bf60d58 is an unknown value
R12=0x0000000000000000 is an unknown value
R13=0x00000000176b6ee8 is an unknown value
R14=0x0000000000000000 is an unknown value
R15=0x0000000000000000 is an unknown value


Stack: [0x0000000019130000,0x0000000019230000],  sp=0x000000001922f080,  free space=1020k
Native frames: (J=compiled Java code, j=interpreted, Vv=VM code, C=native code)
V  [jvm.dll+0x12a0a5]
V  [jvm.dll+0x34f76d]
C  [jdwp.dll+0x21a15]
C  [jdwp.dll+0x53b3]
C  [jdwp.dll+0x5571]
C  [jdwp.dll+0xf0a8]
C  [jdwp.dll+0x1f2d5]
C  [jdwp.dll+0x1f4aa]
V  [jvm.dll+0x1bd258]
V  [jvm.dll+0x2451a4]
V  [jvm.dll+0x29c18a]
C  [msvcr100.dll+0x21d9f]
C  [msvcr100.dll+0x21e3b]
C  [KERNEL32.DLL+0x11fe4]
C  [ntdll.dll+0x6f061]


---------------  P R O C E S S  ---------------

Java Threads: ( => current thread )
  0x000000001ba54800 JavaThread "restartedMain" [_thread_blocked, id=5912, stack(0x0000000024070000,0x0000000024170000)]
  0x000000001ba58800 JavaThread "Thread-18" [_thread_blocked, id=9392, stack(0x0000000023c70000,0x0000000023d70000)]
  0x000000001ba5a000 JavaThread "DestroyJavaVM" [_thread_blocked, id=6544, stack(0x0000000004e40000,0x0000000004f40000)]
  0x000000001b7a6800 JavaThread "Live Reload Server" daemon [_thread_in_native, id=3732, stack(0x000000001e2a0000,0x000000001e3a0000)]
  0x000000001b7a7000 JavaThread "Abandoned connection cleanup thread" daemon [_thread_blocked, id=7280, stack(0x000000001d3a0000,0x000000001d4a0000)]
  0x0000000019cf0800 JavaThread "RMI TCP Accept-0" daemon [_thread_in_native, id=9104, stack(0x000000001a630000,0x000000001a730000)]
  0x0000000019ce8000 JavaThread "RMI TCP Accept-60501" daemon [_thread_in_native, id=5220, stack(0x000000001a530000,0x000000001a630000)]
  0x0000000019cd9800 JavaThread "RMI TCP Accept-0" daemon [_thread_in_native, id=9352, stack(0x000000001a430000,0x000000001a530000)]
  0x0000000019581800 JavaThread "Service Thread" daemon [_thread_blocked, id=1188, stack(0x0000000019b30000,0x0000000019c30000)]
  0x00000000176fe000 JavaThread "C1 CompilerThread2" daemon [_thread_blocked, id=5300, stack(0x0000000019a30000,0x0000000019b30000)]
  0x00000000176fa800 JavaThread "C2 CompilerThread1" daemon [_thread_blocked, id=10184, stack(0x0000000019930000,0x0000000019a30000)]
  0x00000000176c9000 JavaThread "C2 CompilerThread0" daemon [_thread_blocked, id=6740, stack(0x0000000019430000,0x0000000019530000)]
  0x00000000176bd000 JavaThread "JDWP Command Reader" daemon [_thread_in_native, id=852, stack(0x0000000019330000,0x0000000019430000)]
  0x00000000176b9800 JavaThread "JDWP Event Helper Thread" daemon [_thread_blocked, id=3588, stack(0x0000000019230000,0x0000000019330000)]
=>0x00000000176ac800 JavaThread "JDWP Transport Listener: dt_socket" daemon [_thread_in_vm, id=9896, stack(0x0000000019130000,0x0000000019230000)]
  0x00000000176a1800 JavaThread "Attach Listener" daemon [_thread_blocked, id=6196, stack(0x0000000018cf0000,0x0000000018df0000)]
  0x00000000176a0800 JavaThread "Signal Dispatcher" daemon [_thread_blocked, id=7324, stack(0x0000000018bf0000,0x0000000018cf0000)]
  0x000000000503e800 JavaThread "Finalizer" daemon [_thread_blocked, id=5864, stack(0x00000000188f0000,0x00000000189f0000)]
  0x0000000005035000 JavaThread "Reference Handler" daemon [_thread_blocked, id=1264, stack(0x00000000187f0000,0x00000000188f0000)]

Other Threads:
  0x0000000017667800 VMThread [stack: 0x00000000186f0000,0x00000000187f0000] [id=8852]
  0x0000000019d25800 WatcherThread [stack: 0x000000001a730000,0x000000001a830000] [id=6828]

VM state:synchronizing (normal execution)

VM Mutex/Monitor currently owned by a thread:  ([mutex/lock_event])
[0x0000000004f423b0] Threads_lock - owner thread: 0x0000000017667800

Heap:
 PSYoungGen      total 238592K, used 9108K [0x00000000eaf00000, 0x00000000fa600000, 0x0000000100000000)
  eden space 225280K, 4% used [0x00000000eaf00000,0x00000000eb7e5180,0x00000000f8b00000)
  from space 13312K, 0% used [0x00000000f9900000,0x00000000f9900000,0x00000000fa600000)
  to   space 13824K, 0% used [0x00000000f8b00000,0x00000000f8b00000,0x00000000f9880000)
 ParOldGen       total 66560K, used 28711K [0x00000000c0c00000, 0x00000000c4d00000, 0x00000000eaf00000)
  object space 66560K, 43% used [0x00000000c0c00000,0x00000000c2809f40,0x00000000c4d00000)
 Metaspace       used 45908K, capacity 46798K, committed 47016K, reserved 1089536K
  class space    used 5996K, capacity 6223K, committed 6312K, reserved 1048576K

Card table byte_map: [0x0000000014400000,0x0000000014600000] byte_map_base: 0x0000000013dfa000

Marking Bits: (ParMarkBitMap*) 0x00000000561aa6d0
 Begin Bits: [0x0000000014b60000, 0x0000000015b30000)
 End Bits:   [0x0000000015b30000, 0x0000000016b00000)

Polling page: 0x0000000004c20000

CodeCache: size=245760Kb used=10980Kb max_used=10980Kb free=234779Kb
 bounds [0x0000000005040000, 0x0000000005b00000, 0x0000000014040000]
 total_blobs=5800 nmethods=5266 adapters=454
 compilation: enabled

Compilation events (10 events):
Event: 869.957 Thread 0x00000000176fe000 nmethod 5369 0x0000000005af7e90 code [0x0000000005af80a0, 0x0000000005af85f8]
Event: 870.048 Thread 0x00000000176fe000 5370       1       org.springframework.core.convert.support.CollectionToArrayConverter::<init> (10 bytes)
Event: 870.048 Thread 0x00000000176fe000 nmethod 5370 0x0000000005af8c50 code [0x0000000005af8da0, 0x0000000005af8ed0]
Event: 870.049 Thread 0x00000000176fe000 5371       1       org.springframework.core.convert.support.CollectionToStringConverter::<init> (10 bytes)
Event: 870.049 Thread 0x00000000176fe000 nmethod 5371 0x0000000005af8f50 code [0x0000000005af90a0, 0x0000000005af91d0]
Event: 870.060 Thread 0x00000000176fe000 5372       1       org.springframework.core.env.PropertySourcesPropertyResolver::getProperty (174 bytes)
Event: 870.065 Thread 0x00000000176fe000 nmethod 5372 0x0000000005af9250 code [0x0000000005af95a0, 0x0000000005afa898]
Event: 870.083 Thread 0x00000000176fe000 5373       1       ch.qos.logback.core.pattern.parser.Token::getValue (5 bytes)
Event: 870.083 Thread 0x00000000176fe000 nmethod 5373 0x0000000005afbfd0 code [0x0000000005afc120, 0x0000000005afc230]
Event: 870.087 Thread 0x00000000176fe000 5374       1       java.util.GregorianCalendar::computeFields (1571 bytes)

GC Heap History (10 events):
Event: 611.938 GC heap before
{Heap before GC invocations=15 (full 3):
 PSYoungGen      total 240128K, used 3489K [0x00000000eaf00000, 0x00000000fa800000, 0x0000000100000000)
  eden space 225280K, 0% used [0x00000000eaf00000,0x00000000eaf00000,0x00000000f8b00000)
  from space 14848K, 23% used [0x00000000f9980000,0x00000000f9ce8450,0x00000000fa800000)
  to   space 14848K, 0% used [0x00000000f8b00000,0x00000000f8b00000,0x00000000f9980000)
 ParOldGen       total 66560K, used 33825K [0x00000000c0c00000, 0x00000000c4d00000, 0x00000000eaf00000)
  object space 66560K, 50% used [0x00000000c0c00000,0x00000000c2d086d8,0x00000000c4d00000)
 Metaspace       used 45304K, capacity 45862K, committed 46376K, reserved 1089536K
  class space    used 5919K, capacity 6067K, committed 6184K, reserved 1048576K
Event: 612.927 GC heap after
Heap after GC invocations=15 (full 3):
 PSYoungGen      total 240128K, used 0K [0x00000000eaf00000, 0x00000000fa800000, 0x0000000100000000)
  eden space 225280K, 0% used [0x00000000eaf00000,0x00000000eaf00000,0x00000000f8b00000)
  from space 14848K, 0% used [0x00000000f9980000,0x00000000f9980000,0x00000000fa800000)
  to   space 14848K, 0% used [0x00000000f8b00000,0x00000000f8b00000,0x00000000f9980000)
 ParOldGen       total 66560K, used 26854K [0x00000000c0c00000, 0x00000000c4d00000, 0x00000000eaf00000)
  object space 66560K, 40% used [0x00000000c0c00000,0x00000000c2639b28,0x00000000c4d00000)
 Metaspace       used 45304K, capacity 45862K, committed 46376K, reserved 1089536K
  class space    used 5919K, capacity 6067K, committed 6184K, reserved 1048576K
}
Event: 646.225 GC heap before
{Heap before GC invocations=16 (full 3):
 PSYoungGen      total 240128K, used 205377K [0x00000000eaf00000, 0x00000000fa800000, 0x0000000100000000)
  eden space 225280K, 91% used [0x00000000eaf00000,0x00000000f77906c8,0x00000000f8b00000)
  from space 14848K, 0% used [0x00000000f9980000,0x00000000f9980000,0x00000000fa800000)
  to   space 14848K, 0% used [0x00000000f8b00000,0x00000000f8b00000,0x00000000f9980000)
 ParOldGen       total 66560K, used 26854K [0x00000000c0c00000, 0x00000000c4d00000, 0x00000000eaf00000)
  object space 66560K, 40% used [0x00000000c0c00000,0x00000000c2639b28,0x00000000c4d00000)
 Metaspace       used 45598K, capacity 46362K, committed 46632K, reserved 1089536K
  class space    used 5961K, capacity 6150K, committed 6184K, reserved 1048576K
Event: 646.243 GC heap after
Heap after GC invocations=16 (full 3):
 PSYoungGen      total 229888K, used 4268K [0x00000000eaf00000, 0x00000000fa700000, 0x0000000100000000)
  eden space 225280K, 0% used [0x00000000eaf00000,0x00000000eaf00000,0x00000000f8b00000)
  from space 4608K, 92% used [0x00000000f8b00000,0x00000000f8f2b350,0x00000000f8f80000)
  to   space 14336K, 0% used [0x00000000f9900000,0x00000000f9900000,0x00000000fa700000)
 ParOldGen       total 66560K, used 26862K [0x00000000c0c00000, 0x00000000c4d00000, 0x00000000eaf00000)
  object space 66560K, 40% used [0x00000000c0c00000,0x00000000c263bb28,0x00000000c4d00000)
 Metaspace       used 45598K, capacity 46362K, committed 46632K, reserved 1089536K
  class space    used 5961K, capacity 6150K, committed 6184K, reserved 1048576K
}
Event: 646.243 GC heap before
{Heap before GC invocations=17 (full 4):
 PSYoungGen      total 229888K, used 4268K [0x00000000eaf00000, 0x00000000fa700000, 0x0000000100000000)
  eden space 225280K, 0% used [0x00000000eaf00000,0x00000000eaf00000,0x00000000f8b00000)
  from space 4608K, 92% used [0x00000000f8b00000,0x00000000f8f2b350,0x00000000f8f80000)
  to   space 14336K, 0% used [0x00000000f9900000,0x00000000f9900000,0x00000000fa700000)
 ParOldGen       total 66560K, used 26862K [0x00000000c0c00000, 0x00000000c4d00000, 0x00000000eaf00000)
  object space 66560K, 40% used [0x00000000c0c00000,0x00000000c263bb28,0x00000000c4d00000)
 Metaspace       used 45598K, capacity 46362K, committed 46632K, reserved 1089536K
  class space    used 5961K, capacity 6150K, committed 6184K, reserved 1048576K
Event: 647.183 GC heap after
Heap after GC invocations=17 (full 4):
 PSYoungGen      total 229888K, used 0K [0x00000000eaf00000, 0x00000000fa700000, 0x0000000100000000)
  eden space 225280K, 0% used [0x00000000eaf00000,0x00000000eaf00000,0x00000000f8b00000)
  from space 4608K, 0% used [0x00000000f8b00000,0x00000000f8b00000,0x00000000f8f80000)
  to   space 14336K, 0% used [0x00000000f9900000,0x00000000f9900000,0x00000000fa700000)
 ParOldGen       total 66560K, used 27689K [0x00000000c0c00000, 0x00000000c4d00000, 0x00000000eaf00000)
  object space 66560K, 41% used [0x00000000c0c00000,0x00000000c270a738,0x00000000c4d00000)
 Metaspace       used 45598K, capacity 46362K, committed 46632K, reserved 1089536K
  class space    used 5961K, capacity 6150K, committed 6184K, reserved 1048576K
}
Event: 867.985 GC heap before
{Heap before GC invocations=18 (full 4):
 PSYoungGen      total 229888K, used 212251K [0x00000000eaf00000, 0x00000000fa700000, 0x0000000100000000)
  eden space 225280K, 94% used [0x00000000eaf00000,0x00000000f7e46e50,0x00000000f8b00000)
  from space 4608K, 0% used [0x00000000f8b00000,0x00000000f8b00000,0x00000000f8f80000)
  to   space 14336K, 0% used [0x00000000f9900000,0x00000000f9900000,0x00000000fa700000)
 ParOldGen       total 66560K, used 27689K [0x00000000c0c00000, 0x00000000c4d00000, 0x00000000eaf00000)
  object space 66560K, 41% used [0x00000000c0c00000,0x00000000c270a738,0x00000000c4d00000)
 Metaspace       used 45873K, capacity 46798K, committed 47016K, reserved 1089536K
  class space    used 5994K, capacity 6223K, committed 6312K, reserved 1048576K
Event: 868.013 GC heap after
Heap after GC invocations=18 (full 4):
 PSYoungGen      total 238592K, used 5129K [0x00000000eaf00000, 0x00000000fa600000, 0x0000000100000000)
  eden space 225280K, 0% used [0x00000000eaf00000,0x00000000eaf00000,0x00000000f8b00000)
  from space 13312K, 38% used [0x00000000f9900000,0x00000000f9e02670,0x00000000fa600000)
  to   space 13824K, 0% used [0x00000000f8b00000,0x00000000f8b00000,0x00000000f9880000)
 ParOldGen       total 66560K, used 27697K [0x00000000c0c00000, 0x00000000c4d00000, 0x00000000eaf00000)
  object space 66560K, 41% used [0x00000000c0c00000,0x00000000c270c738,0x00000000c4d00000)
 Metaspace       used 45873K, capacity 46798K, committed 47016K, reserved 1089536K
  class space    used 5994K, capacity 6223K, committed 6312K, reserved 1048576K
}
Event: 868.013 GC heap before
{Heap before GC invocations=19 (full 5):
 PSYoungGen      total 238592K, used 5129K [0x00000000eaf00000, 0x00000000fa600000, 0x0000000100000000)
  eden space 225280K, 0% used [0x00000000eaf00000,0x00000000eaf00000,0x00000000f8b00000)
  from space 13312K, 38% used [0x00000000f9900000,0x00000000f9e02670,0x00000000fa600000)
  to   space 13824K, 0% used [0x00000000f8b00000,0x00000000f8b00000,0x00000000f9880000)
 ParOldGen       total 66560K, used 27697K [0x00000000c0c00000, 0x00000000c4d00000, 0x00000000eaf00000)
  object space 66560K, 41% used [0x00000000c0c00000,0x00000000c270c738,0x00000000c4d00000)
 Metaspace       used 45873K, capacity 46798K, committed 47016K, reserved 1089536K
  class space    used 5994K, capacity 6223K, committed 6312K, reserved 1048576K
Event: 869.412 GC heap after
Heap after GC invocations=19 (full 5):
 PSYoungGen      total 238592K, used 0K [0x00000000eaf00000, 0x00000000fa600000, 0x0000000100000000)
  eden space 225280K, 0% used [0x00000000eaf00000,0x00000000eaf00000,0x00000000f8b00000)
  from space 13312K, 0% used [0x00000000f9900000,0x00000000f9900000,0x00000000fa600000)
  to   space 13824K, 0% used [0x00000000f8b00000,0x00000000f8b00000,0x00000000f9880000)
 ParOldGen       total 66560K, used 28711K [0x00000000c0c00000, 0x00000000c4d00000, 0x00000000eaf00000)
  object space 66560K, 43% used [0x00000000c0c00000,0x00000000c2809f40,0x00000000c4d00000)
 Metaspace       used 45871K, capacity 46792K, committed 47016K, reserved 1089536K
  class space    used 5994K, capacity 6221K, committed 6312K, reserved 1048576K
}

Deoptimization events (0 events):
No events

Internal exceptions (10 events):
Event: 715.169 Thread 0x000000001ba52800 Exception <a 'java/lang/ArrayIndexOutOfBoundsException'> (0x00000000f6e28b88) thrown at [C:\re\workspace\8-2-build-windows-amd64-cygwin\jdk8u101\7261\hotspot\src\share\vm\runtime\sharedRuntime.cpp, line 605]
Event: 715.169 Thread 0x000000001ba52800 Exception <a 'java/lang/ArrayIndexOutOfBoundsException'> (0x00000000f6e2a0c8) thrown at [C:\re\workspace\8-2-build-windows-amd64-cygwin\jdk8u101\7261\hotspot\src\share\vm\runtime\sharedRuntime.cpp, line 605]
Event: 728.534 Thread 0x000000001ba57800 Exception <a 'java/lang/ArrayIndexOutOfBoundsException': 9> (0x00000000f6da34d0) thrown at [C:\re\workspace\8-2-build-windows-amd64-cygwin\jdk8u101\7261\hotspot\src\share\vm\interpreter\interpreterRuntime.cpp, line 366]
Event: 764.826 Thread 0x000000001ba57800 Exception <a 'java/lang/ClassNotFoundException': java/lang/ObjectCustomizer> (0x00000000f6dcc9c0) thrown at [C:\re\workspace\8-2-build-windows-amd64-cygwin\jdk8u101\7261\hotspot\src\share\vm\classfile\systemDictionary.cpp, line 210]
Event: 764.878 Thread 0x000000001ba57800 Exception <a 'java/lang/ClassNotFoundException': com/java/model/AlunoCustomizer> (0x00000000f6de1350) thrown at [C:\re\workspace\8-2-build-windows-amd64-cygwin\jdk8u101\7261\hotspot\src\share\vm\classfile\systemDictionary.cpp, line 210]
Event: 764.954 Thread 0x000000001ba57800 Exception <a 'java/lang/ClassNotFoundException': java/io/SerializableCustomizer> (0x00000000f71bc7e8) thrown at [C:\re\workspace\8-2-build-windows-amd64-cygwin\jdk8u101\7261\hotspot\src\share\vm\classfile\systemDictionary.cpp, line 210]
Event: 764.965 Thread 0x000000001ba57800 Exception <a 'java/lang/ArrayIndexOutOfBoundsException': 15> (0x00000000f71beca8) thrown at [C:\re\workspace\8-2-build-windows-amd64-cygwin\jdk8u101\7261\hotspot\src\share\vm\interpreter\interpreterRuntime.cpp, line 366]
Event: 867.935 Thread 0x000000001b7a1000 Exception <a 'java/lang/InterruptedException': sleep interrupted> (0x00000000f2c91598) thrown at [C:\re\workspace\8-2-build-windows-amd64-cygwin\jdk8u101\7261\hotspot\src\share\vm\prims\jvm.cpp, line 3215]
Event: 867.981 Thread 0x000000001b7a2000 Exception <a 'java/lang/InterruptedException': sleep interrupted> (0x00000000f7da5fe8) thrown at [C:\re\workspace\8-2-build-windows-amd64-cygwin\jdk8u101\7261\hotspot\src\share\vm\prims\jvm.cpp, line 3215]
Event: 869.603 Thread 0x000000001ba54800 Exception <a 'java/io/FileNotFoundException'> (0x00000000eb25adf0) thrown at [C:\re\workspace\8-2-build-windows-amd64-cygwin\jdk8u101\7261\hotspot\src\share\vm\prims\jni.cpp, line 709]

Events (10 events):
Event: 869.608 Thread 0x000000001ba54800 DEOPT UNPACKING pc=0x000000000508787f sp=0x000000002416d8e8 mode 1
Event: 869.709 Executing VM operation: RedefineClasses
Event: 869.928 Executing VM operation: RedefineClasses done
Event: 870.078 Thread 0x000000001ba54800 DEOPT PACKING pc=0x0000000005201449 sp=0x000000002416e170
Event: 870.078 Thread 0x000000001ba54800 DEOPT UNPACKING pc=0x000000000508787f sp=0x000000002416dec0 mode 1
Event: 870.078 Thread 0x000000001ba54800 DEOPT PACKING pc=0x00000000053cc604 sp=0x000000002416e1f0
Event: 870.078 Thread 0x000000001ba54800 DEOPT UNPACKING pc=0x000000000508787f sp=0x000000002416df40 mode 1
Event: 870.078 Thread 0x000000001ba54800 DEOPT PACKING pc=0x0000000005368154 sp=0x000000002416e270
Event: 870.078 Thread 0x000000001ba54800 DEOPT UNPACKING pc=0x000000000508787f sp=0x000000002416e038 mode 1
Event: 870.087 Executing VM operation: RevokeBias


Dynamic libraries:
0x00007ff692cd0000 - 0x00007ff692d07000 	C:\Program Files\Java\jdk1.8.0_101\bin\javaw.exe
0x00007ff84e1e0000 - 0x00007ff84e3c0000 	C:\WINDOWS\SYSTEM32\ntdll.dll
0x00007ff84d2e0000 - 0x00007ff84d38e000 	C:\WINDOWS\System32\KERNEL32.DLL
0x00007ff84a8a0000 - 0x00007ff84ab06000 	C:\WINDOWS\System32\KERNELBASE.dll
0x00007ff84b790000 - 0x00007ff84b831000 	C:\WINDOWS\System32\ADVAPI32.dll
0x00007ff84df50000 - 0x00007ff84dfed000 	C:\WINDOWS\System32\msvcrt.dll
0x00007ff84b730000 - 0x00007ff84b78b000 	C:\WINDOWS\System32\sechost.dll
0x00007ff84dff0000 - 0x00007ff84e10f000 	C:\WINDOWS\System32\RPCRT4.dll
0x00007ff84d720000 - 0x00007ff84d8af000 	C:\WINDOWS\System32\USER32.dll
0x00007ff84a780000 - 0x00007ff84a7a0000 	C:\WINDOWS\System32\win32u.dll
0x00007ff84b9b0000 - 0x00007ff84b9d8000 	C:\WINDOWS\System32\GDI32.dll
0x00007ff84a5e0000 - 0x00007ff84a773000 	C:\WINDOWS\System32\gdi32full.dll
0x00007ff84b610000 - 0x00007ff84b6ab000 	C:\WINDOWS\System32\msvcp_win.dll
0x00007ff84a7a0000 - 0x00007ff84a896000 	C:\WINDOWS\System32\ucrtbase.dll
0x00007ff835930000 - 0x00007ff835b99000 	C:\WINDOWS\WinSxS\amd64_microsoft.windows.common-controls_6595b64144ccf1df_6.0.16299.371_none_15c7d1789365a290\COMCTL32.dll
0x00007ff84d390000 - 0x00007ff84d698000 	C:\WINDOWS\System32\combase.dll
0x00007ff84b530000 - 0x00007ff84b5a2000 	C:\WINDOWS\System32\bcryptPrimitives.dll
0x00007ff84d250000 - 0x00007ff84d27d000 	C:\WINDOWS\System32\IMM32.DLL
0x0000000056230000 - 0x0000000056302000 	C:\Program Files\Java\jdk1.8.0_101\jre\bin\msvcr100.dll
0x0000000055990000 - 0x000000005622a000 	C:\Program Files\Java\jdk1.8.0_101\jre\bin\server\jvm.dll
0x00007ff84d220000 - 0x00007ff84d228000 	C:\WINDOWS\System32\PSAPI.DLL
0x00007ff83b2d0000 - 0x00007ff83b2d9000 	C:\WINDOWS\SYSTEM32\WSOCK32.dll
0x00007ff8484e0000 - 0x00007ff848503000 	C:\WINDOWS\SYSTEM32\WINMM.dll
0x00007ff84d6a0000 - 0x00007ff84d70c000 	C:\WINDOWS\System32\WS2_32.dll
0x00007ff8484b0000 - 0x00007ff8484da000 	C:\WINDOWS\SYSTEM32\WINMMBASE.dll
0x00007ff84ab10000 - 0x00007ff84ab5a000 	C:\WINDOWS\System32\cfgmgr32.dll
0x00007ff83c4f0000 - 0x00007ff83c4fa000 	C:\WINDOWS\SYSTEM32\VERSION.dll
0x0000000055980000 - 0x000000005598f000 	C:\Program Files\Java\jdk1.8.0_101\jre\bin\verify.dll
0x0000000055950000 - 0x0000000055979000 	C:\Program Files\Java\jdk1.8.0_101\jre\bin\java.dll
0x0000000055910000 - 0x0000000055945000 	C:\Program Files\Java\jdk1.8.0_101\jre\bin\jdwp.dll
0x0000000055900000 - 0x0000000055908000 	C:\Program Files\Java\jdk1.8.0_101\jre\bin\npt.dll
0x00000000558e0000 - 0x00000000558f6000 	C:\Program Files\Java\jdk1.8.0_101\jre\bin\zip.dll
0x00007ff84bde0000 - 0x00007ff84d216000 	C:\WINDOWS\System32\SHELL32.dll
0x00007ff84b9e0000 - 0x00007ff84ba86000 	C:\WINDOWS\System32\shcore.dll
0x00007ff84ad30000 - 0x00007ff84b477000 	C:\WINDOWS\System32\windows.storage.dll
0x00007ff84b950000 - 0x00007ff84b9a1000 	C:\WINDOWS\System32\shlwapi.dll
0x00007ff84a580000 - 0x00007ff84a591000 	C:\WINDOWS\System32\kernel.appcore.dll
0x00007ff84a530000 - 0x00007ff84a57c000 	C:\WINDOWS\System32\powrprof.dll
0x00007ff84a5c0000 - 0x00007ff84a5db000 	C:\WINDOWS\System32\profapi.dll
0x00000000558d0000 - 0x00000000558d9000 	C:\Program Files\Java\jdk1.8.0_101\jre\bin\dt_socket.dll
0x00007ff839800000 - 0x00007ff839816000 	C:\WINDOWS\system32\napinsp.dll
0x00007ff8392a0000 - 0x00007ff8392ba000 	C:\WINDOWS\system32\pnrpnsp.dll
0x00007ff8471d0000 - 0x00007ff8471e8000 	C:\WINDOWS\system32\NLAapi.dll
0x00007ff849dc0000 - 0x00007ff849e26000 	C:\WINDOWS\System32\mswsock.dll
0x00007ff849b90000 - 0x00007ff849c46000 	C:\WINDOWS\SYSTEM32\DNSAPI.dll
0x00007ff84d710000 - 0x00007ff84d718000 	C:\WINDOWS\System32\NSI.dll
0x00007ff849b50000 - 0x00007ff849b89000 	C:\WINDOWS\SYSTEM32\IPHLPAPI.DLL
0x00007ff838d90000 - 0x00007ff838d9e000 	C:\WINDOWS\System32\winrnr.dll
0x00007ff838bb0000 - 0x00007ff838bc5000 	C:\WINDOWS\System32\wshbth.dll
0x00007ff842830000 - 0x00007ff8428a0000 	C:\WINDOWS\System32\fwpuclnt.dll
0x00007ff84a090000 - 0x00007ff84a0b5000 	C:\WINDOWS\SYSTEM32\bcrypt.dll
0x00007ff8407c0000 - 0x00007ff8407ca000 	C:\Windows\System32\rasadhlp.dll
0x00000000558c0000 - 0x00000000558cd000 	C:\Program Files\Java\jdk1.8.0_101\jre\bin\management.dll
0x00000000558a0000 - 0x00000000558ba000 	C:\Program Files\Java\jdk1.8.0_101\jre\bin\net.dll
0x0000000055880000 - 0x0000000055891000 	C:\Program Files\Java\jdk1.8.0_101\jre\bin\nio.dll
0x00007ff849f80000 - 0x00007ff849f97000 	C:\WINDOWS\SYSTEM32\CRYPTSP.dll
0x00007ff8499c0000 - 0x00007ff8499f3000 	C:\WINDOWS\system32\rsaenh.dll
0x00007ff84a460000 - 0x00007ff84a489000 	C:\WINDOWS\SYSTEM32\USERENV.dll
0x00007ff849fa0000 - 0x00007ff849fab000 	C:\WINDOWS\SYSTEM32\CRYPTBASE.dll
0x00007ff8425d0000 - 0x00007ff8425e6000 	C:\WINDOWS\SYSTEM32\dhcpcsvc6.DLL
0x00007ff841bd0000 - 0x00007ff841bea000 	C:\WINDOWS\SYSTEM32\dhcpcsvc.DLL
0x00007ff83cc60000 - 0x00007ff83ce28000 	C:\WINDOWS\SYSTEM32\dbghelp.dll

VM Arguments:
jvm_args: -agentlib:jdwp=transport=dt_socket,suspend=y,address=localhost:60502 -Dcom.sun.management.jmxremote -Dcom.sun.management.jmxremote.port=60501 -Dcom.sun.management.jmxremote.authenticate=false -Dcom.sun.management.jmxremote.ssl=false -Djava.rmi.server.hostname=localhost -Dspring.liveBeansView.mbeanDomain -Dspring.application.admin.enabled=true -Xverify:none -XX:TieredStopAtLevel=1 -Dfile.encoding=UTF-8 
java_command: com.java.EscolaAngular3Application --spring.output.ansi.enabled=always
java_class_path (initial): C:\Program Files\Java\jdk1.8.0_101\jre\lib\resources.jar;C:\Program Files\Java\jdk1.8.0_101\jre\lib\rt.jar;C:\Program Files\Java\jdk1.8.0_101\jre\lib\jsse.jar;C:\Program Files\Java\jdk1.8.0_101\jre\lib\jce.jar;C:\Program Files\Java\jdk1.8.0_101\jre\lib\charsets.jar;C:\Program Files\Java\jdk1.8.0_101\jre\lib\jfr.jar;C:\Program Files\Java\jdk1.8.0_101\jre\lib\ext\access-bridge-64.jar;C:\Program Files\Java\jdk1.8.0_101\jre\lib\ext\cldrdata.jar;C:\Program Files\Java\jdk1.8.0_101\jre\lib\ext\dnsns.jar;C:\Program Files\Java\jdk1.8.0_101\jre\lib\ext\jaccess.jar;C:\Program Files\Java\jdk1.8.0_101\jre\lib\ext\jfxrt.jar;C:\Program Files\Java\jdk1.8.0_101\jre\lib\ext\localedata.jar;C:\Program Files\Java\jdk1.8.0_101\jre\lib\ext\nashorn.jar;C:\Program Files\Java\jdk1.8.0_101\jre\lib\ext\sunec.jar;C:\Program Files\Java\jdk1.8.0_101\jre\lib\ext\sunjce_provider.jar;C:\Program Files\Java\jdk1.8.0_101\jre\lib\ext\sunmscapi.jar;C:\Program Files\Java\jdk1.8.0_101\jre\lib\ext\sunpkcs11.jar;C:\Program Files\Java\jdk1.8.0_101\jre\lib\ext\zipfs.jar;C:\Meus_Projetos_Spring2018\Escola-Angular3\target\classes;C:\Users\Desenvolvimento\.m2\repository\org\springframework\boot\spring-boot-starter-data-jpa\1.5.3.RELEASE\spring-boot-starter-data-jpa-1.5.3.RELEASE.jar;C:\Users\Desenvolvimento\.m2\repository\org\springframework\boot\spring-boot-starter\1.5.3.RELEASE\spring-boot-starter-1.5.3.RELEASE.jar;C:\Users\Desenvolvimento\.m2\repository\org\springframework\boot\spring-boot-starter-logging\1.5.3.RELEASE\spring-boot-starter-logging-1.5.3.RELEASE.jar;C:\Users\Desenvolvimento\.m2\repository\ch\qos\logback\logback-classic\1.1.11\logback-classic-1.1.11.jar;C:\Users\Desenvolvimento\.m2\repository\ch\qos\logback\logback-core\1.1.11\logback-core-1.1.11.jar;C:\Users\Desenvolvimento\.m2\repository\org\slf4j\jul-to-slf4j\1.7.25\jul-to-slf4j-1.7.25.jar;C:\Users\Desenvolvimento\.m2\repository\org\slf4j\log4j-over-slf4j\1.7.25\log4j-over-slf4j-1.7.25.jar;C:\Users\Desenvolvimento\
Launcher Type: SUN_STANDARD

Environment Variables:
JAVA_HOME=C:\Program Files\Java\jdk1.8.0_101
CLASSPATH=.
PATH=C:\Program Files\Java\jdk1.8.0_101\jre\bin;C:/Program Files/Java/jre1.8.0_161/bin/server;C:/Program Files/Java/jre1.8.0_161/bin;C:/Program Files/Java/jre1.8.0_161/lib/amd64;C:\ProgramData\Oracle\Java\javapath;C:\WINDOWS\system32;C:\WINDOWS;C:\WINDOWS\System32\Wbem;C:\WINDOWS\System32\WindowsPowerShell\v1.0\;C:\Program Files\Java\jdk1.8.0_101\bin;C:\Program Files\nodejs\;C:\Users\Desenvolvimento\AppData\Roaming\npm;C:\Program Files\Microsoft VS Code\bin;C:\sts\sts-bundle\sts-3.9.2.RELEASE;
USERNAME=Desenvolvimento
OS=Windows_NT
PROCESSOR_IDENTIFIER=Intel64 Family 6 Model 42 Stepping 7, GenuineIntel



---------------  S Y S T E M  ---------------

OS: Windows 10.0 , 64 bit Build 16299 (10.0.16299.15)

CPU:total 4 (2 cores per cpu, 2 threads per core) family 6 model 42 stepping 7, cmov, cx8, fxsr, mmx, sse, sse2, sse3, ssse3, sse4.1, sse4.2, popcnt, avx, aes, clmul, ht, tsc, tscinvbit

Memory: 4k page, physical 4140908k(298416k free), swap 10396896k(1451740k free)

vm_info: Java HotSpot(TM) 64-Bit Server VM (25.101-b13) for windows-amd64 JRE (1.8.0_101-b13), built on Jun 22 2016 01:21:29 by "java_re" with MS VC++ 10.0 (VS2010)

time: Sun Apr 22 17:19:46 2018
elapsed time: 871 seconds (0d 0h 14m 31s)

